This file contains any messages produced by compilers while
running configure, to aid debugging if configure makes a mistake.

It was created by shellinabox configure 2.10, which was
generated by GNU Autoconf 2.65.  Invocation command line was

  $ ./configure 

## --------- ##
## Platform. ##
## --------- ##

hostname = kyle-ubuntu-srv
uname -m = x86_64
uname -r = 3.13.0-24-generic
uname -s = Linux
uname -v = #46-Ubuntu SMP Thu Apr 10 19:11:08 UTC 2014

/usr/bin/uname -p = unknown
/bin/uname -X     = unknown

/bin/arch              = unknown
/usr/bin/arch -k       = unknown
/usr/convex/getsysinfo = unknown
/usr/bin/hostinfo      = unknown
/bin/machine           = unknown
/usr/bin/oslevel       = unknown
/bin/universe          = unknown

PATH: /usr/local/sbin
PATH: /usr/local/bin
PATH: /usr/sbin
PATH: /usr/bin
PATH: /sbin
PATH: /bin
PATH: /usr/games
PATH: /usr/local/games


## ----------- ##
## Core tests. ##
## ----------- ##

configure:2379: checking for a BSD-compatible install
configure:2447: result: /usr/bin/install -c
configure:2458: checking whether build environment is sane
configure:2508: result: yes
configure:2649: checking for a thread-safe mkdir -p
configure:2688: result: /bin/mkdir -p
configure:2701: checking for gawk
configure:2731: result: no
configure:2701: checking for mawk
configure:2717: found /usr/bin/mawk
configure:2728: result: mawk
configure:2739: checking whether make sets $(MAKE)
configure:2761: result: yes
configure:2891: checking for gcc
configure:2907: found /usr/bin/gcc
configure:2918: result: gcc
configure:3147: checking for C compiler version
configure:3156: gcc --version >&5
gcc (Ubuntu 4.8.2-19ubuntu1) 4.8.2
Copyright (C) 2013 Free Software Foundation, Inc.
This is free software; see the source for copying conditions.  There is NO
warranty; not even for MERCHANTABILITY or FITNESS FOR A PARTICULAR PURPOSE.

configure:3167: $? = 0
configure:3156: gcc -v >&5
Using built-in specs.
COLLECT_GCC=gcc
COLLECT_LTO_WRAPPER=/usr/lib/gcc/x86_64-linux-gnu/4.8/lto-wrapper
Target: x86_64-linux-gnu
Configured with: ../src/configure -v --with-pkgversion='Ubuntu 4.8.2-19ubuntu1' --with-bugurl=file:///usr/share/doc/gcc-4.8/README.Bugs --enable-languages=c,c++,java,go,d,fortran,objc,obj-c++ --prefix=/usr --program-suffix=-4.8 --enable-shared --enable-linker-build-id --libexecdir=/usr/lib --without-included-gettext --enable-threads=posix --with-gxx-include-dir=/usr/include/c++/4.8 --libdir=/usr/lib --enable-nls --with-sysroot=/ --enable-clocale=gnu --enable-libstdcxx-debug --enable-libstdcxx-time=yes --enable-gnu-unique-object --disable-libmudflap --enable-plugin --with-system-zlib --disable-browser-plugin --enable-java-awt=gtk --enable-gtk-cairo --with-java-home=/usr/lib/jvm/java-1.5.0-gcj-4.8-amd64/jre --enable-java-home --with-jvm-root-dir=/usr/lib/jvm/java-1.5.0-gcj-4.8-amd64 --with-jvm-jar-dir=/usr/lib/jvm-exports/java-1.5.0-gcj-4.8-amd64 --with-arch-directory=amd64 --with-ecj-jar=/usr/share/java/eclipse-ecj.jar --enable-objc-gc --enable-multiarch --disable-werror --with-arch-32=i686 --with-abi=m64 --with-multilib-list=m32,m64,mx32 --with-tune=generic --enable-checking=release --build=x86_64-linux-gnu --host=x86_64-linux-gnu --target=x86_64-linux-gnu
Thread model: posix
gcc version 4.8.2 (Ubuntu 4.8.2-19ubuntu1) 
configure:3167: $? = 0
configure:3156: gcc -V >&5
gcc: error: unrecognized command line option '-V'
gcc: fatal error: no input files
compilation terminated.
configure:3167: $? = 4
configure:3156: gcc -qversion >&5
gcc: error: unrecognized command line option '-qversion'
gcc: fatal error: no input files
compilation terminated.
configure:3167: $? = 4
configure:3187: checking whether the C compiler works
configure:3209: gcc -Os   conftest.c  >&5
configure:3213: $? = 0
configure:3262: result: yes
configure:3265: checking for C compiler default output file name
configure:3267: result: a.out
configure:3273: checking for suffix of executables
configure:3280: gcc -o conftest -Os   conftest.c  >&5
configure:3284: $? = 0
configure:3306: result: 
configure:3328: checking whether we are cross compiling
configure:3336: gcc -o conftest -Os   conftest.c  >&5
configure:3340: $? = 0
configure:3347: ./conftest
configure:3351: $? = 0
configure:3366: result: no
configure:3371: checking for suffix of object files
configure:3393: gcc -c -Os  conftest.c >&5
configure:3397: $? = 0
configure:3418: result: o
configure:3422: checking whether we are using the GNU C compiler
configure:3441: gcc -c -Os  conftest.c >&5
configure:3441: $? = 0
configure:3450: result: yes
configure:3459: checking whether gcc accepts -g
configure:3479: gcc -c -g  conftest.c >&5
configure:3479: $? = 0
configure:3520: result: yes
configure:3537: checking for gcc option to accept ISO C89
configure:3601: gcc  -c -Os  conftest.c >&5
configure:3601: $? = 0
configure:3614: result: none needed
configure:3645: checking for style of include used by make
configure:3673: result: GNU
configure:3698: checking dependency style of gcc
configure:3808: result: gcc3
configure:3855: checking build system type
configure:3869: result: x86_64-unknown-linux-gnu
configure:3889: checking host system type
configure:3902: result: x86_64-unknown-linux-gnu
configure:3922: checking for a sed that does not truncate output
configure:3986: result: /bin/sed
configure:4004: checking for grep that handles long lines and -e
configure:4062: result: /bin/grep
configure:4067: checking for egrep
configure:4129: result: /bin/grep -E
configure:4134: checking for fgrep
configure:4196: result: /bin/grep -F
configure:4231: checking for ld used by gcc
configure:4298: result: /usr/bin/ld
configure:4305: checking if the linker (/usr/bin/ld) is GNU ld
configure:4320: result: yes
configure:4332: checking for BSD- or MS-compatible name lister (nm)
configure:4381: result: /usr/bin/nm -B
configure:4499: checking the name lister (/usr/bin/nm -B) interface
configure:4506: gcc -c -Os  conftest.c >&5
configure:4509: /usr/bin/nm -B "conftest.o"
configure:4512: output
0000000000000000 B some_variable
configure:4519: result: BSD nm
configure:4522: checking whether ln -s works
configure:4526: result: yes
configure:4534: checking the maximum length of command line arguments
configure:4654: result: 1572864
configure:4671: checking whether the shell understands some XSI constructs
configure:4681: result: yes
configure:4685: checking whether the shell understands "+="
configure:4691: result: yes
configure:4726: checking for /usr/bin/ld option to reload object files
configure:4733: result: -r
configure:4802: checking for objdump
configure:4818: found /usr/bin/objdump
configure:4829: result: objdump
configure:4861: checking how to recognize dependent libraries
configure:5057: result: pass_all
configure:5117: checking for ar
configure:5133: found /usr/bin/ar
configure:5144: result: ar
configure:5222: checking for strip
configure:5238: found /usr/bin/strip
configure:5249: result: strip
configure:5321: checking for ranlib
configure:5337: found /usr/bin/ranlib
configure:5348: result: ranlib
configure:5438: checking command to parse /usr/bin/nm -B output from gcc object
configure:5556: gcc -c -Os  conftest.c >&5
configure:5559: $? = 0
configure:5563: /usr/bin/nm -B conftest.o \| sed -n -e 's/^.*[	 ]\([ABCDGIRSTW][ABCDGIRSTW]*\)[	 ][	 ]*\([_A-Za-z][_A-Za-z0-9]*\)$/\1 \2 \2/p' \> conftest.nm
configure:5566: $? = 0
configure:5620: gcc -o conftest -Os   conftest.c conftstm.o >&5
configure:5623: $? = 0
configure:5661: result: ok
configure:5757: gcc -c -Os  conftest.c >&5
configure:5760: $? = 0
configure:6470: checking how to run the C preprocessor
configure:6501: gcc -E  conftest.c
configure:6501: $? = 0
configure:6515: gcc -E  conftest.c
conftest.c:12:28: fatal error: ac_nonexistent.h: No such file or directory
 #include <ac_nonexistent.h>
                            ^
compilation terminated.
configure:6515: $? = 1
configure: failed program was:
| /* confdefs.h */
| #define PACKAGE_NAME "shellinabox"
| #define PACKAGE_TARNAME "shellinabox"
| #define PACKAGE_VERSION "2.10"
| #define PACKAGE_STRING "shellinabox 2.10"
| #define PACKAGE_BUGREPORT "markus@shellinabox.com"
| #define PACKAGE_URL ""
| #define VCS_REVISION "239"
| #define PACKAGE "shellinabox"
| #define VERSION "2.10"
| /* end confdefs.h.  */
| #include <ac_nonexistent.h>
configure:6540: result: gcc -E
configure:6560: gcc -E  conftest.c
configure:6560: $? = 0
configure:6574: gcc -E  conftest.c
conftest.c:12:28: fatal error: ac_nonexistent.h: No such file or directory
 #include <ac_nonexistent.h>
                            ^
compilation terminated.
configure:6574: $? = 1
configure: failed program was:
| /* confdefs.h */
| #define PACKAGE_NAME "shellinabox"
| #define PACKAGE_TARNAME "shellinabox"
| #define PACKAGE_VERSION "2.10"
| #define PACKAGE_STRING "shellinabox 2.10"
| #define PACKAGE_BUGREPORT "markus@shellinabox.com"
| #define PACKAGE_URL ""
| #define VCS_REVISION "239"
| #define PACKAGE "shellinabox"
| #define VERSION "2.10"
| /* end confdefs.h.  */
| #include <ac_nonexistent.h>
configure:6603: checking for ANSI C header files
configure:6623: gcc -c -Os  conftest.c >&5
configure:6623: $? = 0
configure:6696: gcc -o conftest -Os   conftest.c  >&5
configure:6696: $? = 0
configure:6696: ./conftest
configure:6696: $? = 0
configure:6707: result: yes
configure:6720: checking for sys/types.h
configure:6720: gcc -c -Os  conftest.c >&5
configure:6720: $? = 0
configure:6720: result: yes
configure:6720: checking for sys/stat.h
configure:6720: gcc -c -Os  conftest.c >&5
configure:6720: $? = 0
configure:6720: result: yes
configure:6720: checking for stdlib.h
configure:6720: gcc -c -Os  conftest.c >&5
configure:6720: $? = 0
configure:6720: result: yes
configure:6720: checking for string.h
configure:6720: gcc -c -Os  conftest.c >&5
configure:6720: $? = 0
configure:6720: result: yes
configure:6720: checking for memory.h
configure:6720: gcc -c -Os  conftest.c >&5
configure:6720: $? = 0
configure:6720: result: yes
configure:6720: checking for strings.h
configure:6720: gcc -c -Os  conftest.c >&5
configure:6720: $? = 0
configure:6720: result: yes
configure:6720: checking for inttypes.h
configure:6720: gcc -c -Os  conftest.c >&5
configure:6720: $? = 0
configure:6720: result: yes
configure:6720: checking for stdint.h
configure:6720: gcc -c -Os  conftest.c >&5
configure:6720: $? = 0
configure:6720: result: yes
configure:6720: checking for unistd.h
configure:6720: gcc -c -Os  conftest.c >&5
configure:6720: $? = 0
configure:6720: result: yes
configure:6735: checking for dlfcn.h
configure:6735: gcc -c -Os  conftest.c >&5
configure:6735: $? = 0
configure:6735: result: yes
configure:6919: checking for objdir
configure:6934: result: .libs
configure:7226: checking if gcc supports -fno-rtti -fno-exceptions
configure:7244: gcc -c -Os  -fno-rtti -fno-exceptions conftest.c >&5
cc1: warning: command line option '-fno-rtti' is valid for C++/ObjC++ but not for C [enabled by default]
configure:7248: $? = 0
configure:7261: result: no
configure:7281: checking for gcc option to produce PIC
configure:7553: result: -fPIC -DPIC
configure:7565: checking if gcc PIC flag -fPIC -DPIC works
configure:7583: gcc -c -Os  -fPIC -DPIC -DPIC conftest.c >&5
configure:7587: $? = 0
configure:7600: result: yes
configure:7624: checking if gcc static flag -static works
configure:7652: result: yes
configure:7667: checking if gcc supports -c -o file.o
configure:7688: gcc -c -Os  -o out/conftest2.o conftest.c >&5
configure:7692: $? = 0
configure:7714: result: yes
configure:7722: checking if gcc supports -c -o file.o
configure:7769: result: yes
configure:7802: checking whether the gcc linker (/usr/bin/ld -m elf_x86_64) supports shared libraries
configure:8793: result: yes
configure:8830: checking whether -lc should be explicitly linked in
configure:8835: gcc -c -Os  conftest.c >&5
configure:8838: $? = 0
configure:8853: gcc -shared conftest.o  -v -Wl,-soname -Wl,conftest -o conftest 2\>\&1 \| /bin/grep  -lc  \>/dev/null 2\>\&1
configure:8856: $? = 0
configure:8868: result: no
configure:9032: checking dynamic linker characteristics
configure:9465: gcc -o conftest -Os   -Wl,-rpath -Wl,/foo conftest.c  >&5
configure:9465: $? = 0
configure:9695: result: GNU/Linux ld.so
configure:9797: checking how to hardcode library paths into programs
configure:9822: result: immediate
configure:10342: checking whether stripping libraries is possible
configure:10347: result: yes
configure:10382: checking if libtool supports shared libraries
configure:10384: result: yes
configure:10387: checking whether to build shared libraries
configure:10408: result: yes
configure:10411: checking whether to build static libraries
configure:10415: result: yes
configure:10451: checking for an ANSI C-conforming const
configure:10516: gcc -c -Os  conftest.c >&5
configure:10516: $? = 0
configure:10523: result: yes
configure:10532: checking whether gcc needs -traditional
configure:10566: result: no
configure:10578: checking libutil.h usability
configure:10578: gcc -c -Os  conftest.c >&5
conftest.c:57:21: fatal error: libutil.h: No such file or directory
 #include <libutil.h>
                     ^
compilation terminated.
configure:10578: $? = 1
configure: failed program was:
| /* confdefs.h */
| #define PACKAGE_NAME "shellinabox"
| #define PACKAGE_TARNAME "shellinabox"
| #define PACKAGE_VERSION "2.10"
| #define PACKAGE_STRING "shellinabox 2.10"
| #define PACKAGE_BUGREPORT "markus@shellinabox.com"
| #define PACKAGE_URL ""
| #define VCS_REVISION "239"
| #define PACKAGE "shellinabox"
| #define VERSION "2.10"
| #define STDC_HEADERS 1
| #define HAVE_SYS_TYPES_H 1
| #define HAVE_SYS_STAT_H 1
| #define HAVE_STDLIB_H 1
| #define HAVE_STRING_H 1
| #define HAVE_MEMORY_H 1
| #define HAVE_STRINGS_H 1
| #define HAVE_INTTYPES_H 1
| #define HAVE_STDINT_H 1
| #define HAVE_UNISTD_H 1
| #define HAVE_DLFCN_H 1
| #define LT_OBJDIR ".libs/"
| /* end confdefs.h.  */
| #include <stdio.h>
| #ifdef HAVE_SYS_TYPES_H
| # include <sys/types.h>
| #endif
| #ifdef HAVE_SYS_STAT_H
| # include <sys/stat.h>
| #endif
| #ifdef STDC_HEADERS
| # include <stdlib.h>
| # include <stddef.h>
| #else
| # ifdef HAVE_STDLIB_H
| #  include <stdlib.h>
| # endif
| #endif
| #ifdef HAVE_STRING_H
| # if !defined STDC_HEADERS && defined HAVE_MEMORY_H
| #  include <memory.h>
| # endif
| # include <string.h>
| #endif
| #ifdef HAVE_STRINGS_H
| # include <strings.h>
| #endif
| #ifdef HAVE_INTTYPES_H
| # include <inttypes.h>
| #endif
| #ifdef HAVE_STDINT_H
| # include <stdint.h>
| #endif
| #ifdef HAVE_UNISTD_H
| # include <unistd.h>
| #endif
| #include <libutil.h>
configure:10578: result: no
configure:10578: checking libutil.h presence
configure:10578: gcc -E  conftest.c
conftest.c:24:21: fatal error: libutil.h: No such file or directory
 #include <libutil.h>
                     ^
compilation terminated.
configure:10578: $? = 1
configure: failed program was:
| /* confdefs.h */
| #define PACKAGE_NAME "shellinabox"
| #define PACKAGE_TARNAME "shellinabox"
| #define PACKAGE_VERSION "2.10"
| #define PACKAGE_STRING "shellinabox 2.10"
| #define PACKAGE_BUGREPORT "markus@shellinabox.com"
| #define PACKAGE_URL ""
| #define VCS_REVISION "239"
| #define PACKAGE "shellinabox"
| #define VERSION "2.10"
| #define STDC_HEADERS 1
| #define HAVE_SYS_TYPES_H 1
| #define HAVE_SYS_STAT_H 1
| #define HAVE_STDLIB_H 1
| #define HAVE_STRING_H 1
| #define HAVE_MEMORY_H 1
| #define HAVE_STRINGS_H 1
| #define HAVE_INTTYPES_H 1
| #define HAVE_STDINT_H 1
| #define HAVE_UNISTD_H 1
| #define HAVE_DLFCN_H 1
| #define LT_OBJDIR ".libs/"
| /* end confdefs.h.  */
| #include <libutil.h>
configure:10578: result: no
configure:10578: checking for libutil.h
configure:10578: result: no
configure:10578: checking pthread.h usability
configure:10578: gcc -c -Os  conftest.c >&5
configure:10578: $? = 0
configure:10578: result: yes
configure:10578: checking pthread.h presence
configure:10578: gcc -E  conftest.c
configure:10578: $? = 0
configure:10578: result: yes
configure:10578: checking for pthread.h
configure:10578: result: yes
configure:10578: checking pty.h usability
configure:10578: gcc -c -Os  conftest.c >&5
configure:10578: $? = 0
configure:10578: result: yes
configure:10578: checking pty.h presence
configure:10578: gcc -E  conftest.c
configure:10578: $? = 0
configure:10578: result: yes
configure:10578: checking for pty.h
configure:10578: result: yes
configure:10578: checking for strings.h
configure:10578: result: yes
configure:10578: checking sys/prctl.h usability
configure:10578: gcc -c -Os  conftest.c >&5
configure:10578: $? = 0
configure:10578: result: yes
configure:10578: checking sys/prctl.h presence
configure:10578: gcc -E  conftest.c
configure:10578: $? = 0
configure:10578: result: yes
configure:10578: checking for sys/prctl.h
configure:10578: result: yes
configure:10578: checking sys/uio.h usability
configure:10578: gcc -c -Os  conftest.c >&5
configure:10578: $? = 0
configure:10578: result: yes
configure:10578: checking sys/uio.h presence
configure:10578: gcc -E  conftest.c
configure:10578: $? = 0
configure:10578: result: yes
configure:10578: checking for sys/uio.h
configure:10578: result: yes
configure:10578: checking util.h usability
configure:10578: gcc -c -Os  conftest.c >&5
conftest.c:62:18: fatal error: util.h: No such file or directory
 #include <util.h>
                  ^
compilation terminated.
configure:10578: $? = 1
configure: failed program was:
| /* confdefs.h */
| #define PACKAGE_NAME "shellinabox"
| #define PACKAGE_TARNAME "shellinabox"
| #define PACKAGE_VERSION "2.10"
| #define PACKAGE_STRING "shellinabox 2.10"
| #define PACKAGE_BUGREPORT "markus@shellinabox.com"
| #define PACKAGE_URL ""
| #define VCS_REVISION "239"
| #define PACKAGE "shellinabox"
| #define VERSION "2.10"
| #define STDC_HEADERS 1
| #define HAVE_SYS_TYPES_H 1
| #define HAVE_SYS_STAT_H 1
| #define HAVE_STDLIB_H 1
| #define HAVE_STRING_H 1
| #define HAVE_MEMORY_H 1
| #define HAVE_STRINGS_H 1
| #define HAVE_INTTYPES_H 1
| #define HAVE_STDINT_H 1
| #define HAVE_UNISTD_H 1
| #define HAVE_DLFCN_H 1
| #define LT_OBJDIR ".libs/"
| #define HAVE_PTHREAD_H 1
| #define HAVE_PTY_H 1
| #define HAVE_STRINGS_H 1
| #define HAVE_SYS_PRCTL_H 1
| #define HAVE_SYS_UIO_H 1
| /* end confdefs.h.  */
| #include <stdio.h>
| #ifdef HAVE_SYS_TYPES_H
| # include <sys/types.h>
| #endif
| #ifdef HAVE_SYS_STAT_H
| # include <sys/stat.h>
| #endif
| #ifdef STDC_HEADERS
| # include <stdlib.h>
| # include <stddef.h>
| #else
| # ifdef HAVE_STDLIB_H
| #  include <stdlib.h>
| # endif
| #endif
| #ifdef HAVE_STRING_H
| # if !defined STDC_HEADERS && defined HAVE_MEMORY_H
| #  include <memory.h>
| # endif
| # include <string.h>
| #endif
| #ifdef HAVE_STRINGS_H
| # include <strings.h>
| #endif
| #ifdef HAVE_INTTYPES_H
| # include <inttypes.h>
| #endif
| #ifdef HAVE_STDINT_H
| # include <stdint.h>
| #endif
| #ifdef HAVE_UNISTD_H
| # include <unistd.h>
| #endif
| #include <util.h>
configure:10578: result: no
configure:10578: checking util.h presence
configure:10578: gcc -E  conftest.c
conftest.c:29:18: fatal error: util.h: No such file or directory
 #include <util.h>
                  ^
compilation terminated.
configure:10578: $? = 1
configure: failed program was:
| /* confdefs.h */
| #define PACKAGE_NAME "shellinabox"
| #define PACKAGE_TARNAME "shellinabox"
| #define PACKAGE_VERSION "2.10"
| #define PACKAGE_STRING "shellinabox 2.10"
| #define PACKAGE_BUGREPORT "markus@shellinabox.com"
| #define PACKAGE_URL ""
| #define VCS_REVISION "239"
| #define PACKAGE "shellinabox"
| #define VERSION "2.10"
| #define STDC_HEADERS 1
| #define HAVE_SYS_TYPES_H 1
| #define HAVE_SYS_STAT_H 1
| #define HAVE_STDLIB_H 1
| #define HAVE_STRING_H 1
| #define HAVE_MEMORY_H 1
| #define HAVE_STRINGS_H 1
| #define HAVE_INTTYPES_H 1
| #define HAVE_STDINT_H 1
| #define HAVE_UNISTD_H 1
| #define HAVE_DLFCN_H 1
| #define LT_OBJDIR ".libs/"
| #define HAVE_PTHREAD_H 1
| #define HAVE_PTY_H 1
| #define HAVE_STRINGS_H 1
| #define HAVE_SYS_PRCTL_H 1
| #define HAVE_SYS_UIO_H 1
| /* end confdefs.h.  */
| #include <util.h>
configure:10578: result: no
configure:10578: checking for util.h
configure:10578: result: no
configure:10578: checking utmp.h usability
configure:10578: gcc -c -Os  conftest.c >&5
configure:10578: $? = 0
configure:10578: result: yes
configure:10578: checking utmp.h presence
configure:10578: gcc -E  conftest.c
configure:10578: $? = 0
configure:10578: result: yes
configure:10578: checking for utmp.h
configure:10578: result: yes
configure:10578: checking utmpx.h usability
configure:10578: gcc -c -Os  conftest.c >&5
configure:10578: $? = 0
configure:10578: result: yes
configure:10578: checking utmpx.h presence
configure:10578: gcc -E  conftest.c
configure:10578: $? = 0
configure:10578: result: yes
configure:10578: checking for utmpx.h
configure:10578: result: yes
configure:10592: checking for login_tty
configure:10592: gcc -o conftest -Os   conftest.c  >&5
/tmp/cc7lSBke.o: In function `main':
conftest.c:(.text.startup+0x4): undefined reference to `login_tty'
collect2: error: ld returned 1 exit status
configure:10592: $? = 1
configure: failed program was:
| /* confdefs.h */
| #define PACKAGE_NAME "shellinabox"
| #define PACKAGE_TARNAME "shellinabox"
| #define PACKAGE_VERSION "2.10"
| #define PACKAGE_STRING "shellinabox 2.10"
| #define PACKAGE_BUGREPORT "markus@shellinabox.com"
| #define PACKAGE_URL ""
| #define VCS_REVISION "239"
| #define PACKAGE "shellinabox"
| #define VERSION "2.10"
| #define STDC_HEADERS 1
| #define HAVE_SYS_TYPES_H 1
| #define HAVE_SYS_STAT_H 1
| #define HAVE_STDLIB_H 1
| #define HAVE_STRING_H 1
| #define HAVE_MEMORY_H 1
| #define HAVE_STRINGS_H 1
| #define HAVE_INTTYPES_H 1
| #define HAVE_STDINT_H 1
| #define HAVE_UNISTD_H 1
| #define HAVE_DLFCN_H 1
| #define LT_OBJDIR ".libs/"
| #define HAVE_PTHREAD_H 1
| #define HAVE_PTY_H 1
| #define HAVE_STRINGS_H 1
| #define HAVE_SYS_PRCTL_H 1
| #define HAVE_SYS_UIO_H 1
| #define HAVE_UTMP_H 1
| #define HAVE_UTMPX_H 1
| /* end confdefs.h.  */
| /* Define login_tty to an innocuous variant, in case <limits.h> declares login_tty.
|    For example, HP-UX 11i <limits.h> declares gettimeofday.  */
| #define login_tty innocuous_login_tty
| 
| /* System header to define __stub macros and hopefully few prototypes,
|     which can conflict with char login_tty (); below.
|     Prefer <limits.h> to <assert.h> if __STDC__ is defined, since
|     <limits.h> exists even on freestanding compilers.  */
| 
| #ifdef __STDC__
| # include <limits.h>
| #else
| # include <assert.h>
| #endif
| 
| #undef login_tty
| 
| /* Override any GCC internal prototype to avoid an error.
|    Use char because int might match the return type of a GCC
|    builtin and then its argument prototype would still apply.  */
| #ifdef __cplusplus
| extern "C"
| #endif
| char login_tty ();
| /* The GNU C library defines this for functions which it implements
|     to always fail with ENOSYS.  Some functions are actually named
|     something starting with __ and the normal name is an alias.  */
| #if defined __stub_login_tty || defined __stub___login_tty
| choke me
| #endif
| 
| int
| main ()
| {
| return login_tty ();
|   ;
|   return 0;
| }
configure:10592: result: no
configure:10599: checking for login_tty in -lutil
configure:10624: gcc -o conftest -Os   conftest.c -lutil   >&5
configure:10624: $? = 0
configure:10633: result: yes
configure:10647: checking for strlcat
configure:10647: gcc -o conftest -Os   conftest.c -lutil  >&5
/tmp/cci1Q3ou.o: In function `main':
conftest.c:(.text.startup+0x4): undefined reference to `strlcat'
collect2: error: ld returned 1 exit status
configure:10647: $? = 1
configure: failed program was:
| /* confdefs.h */
| #define PACKAGE_NAME "shellinabox"
| #define PACKAGE_TARNAME "shellinabox"
| #define PACKAGE_VERSION "2.10"
| #define PACKAGE_STRING "shellinabox 2.10"
| #define PACKAGE_BUGREPORT "markus@shellinabox.com"
| #define PACKAGE_URL ""
| #define VCS_REVISION "239"
| #define PACKAGE "shellinabox"
| #define VERSION "2.10"
| #define STDC_HEADERS 1
| #define HAVE_SYS_TYPES_H 1
| #define HAVE_SYS_STAT_H 1
| #define HAVE_STDLIB_H 1
| #define HAVE_STRING_H 1
| #define HAVE_MEMORY_H 1
| #define HAVE_STRINGS_H 1
| #define HAVE_INTTYPES_H 1
| #define HAVE_STDINT_H 1
| #define HAVE_UNISTD_H 1
| #define HAVE_DLFCN_H 1
| #define LT_OBJDIR ".libs/"
| #define HAVE_PTHREAD_H 1
| #define HAVE_PTY_H 1
| #define HAVE_STRINGS_H 1
| #define HAVE_SYS_PRCTL_H 1
| #define HAVE_SYS_UIO_H 1
| #define HAVE_UTMP_H 1
| #define HAVE_UTMPX_H 1
| #define HAVE_LOGIN_TTY 1
| /* end confdefs.h.  */
| /* Define strlcat to an innocuous variant, in case <limits.h> declares strlcat.
|    For example, HP-UX 11i <limits.h> declares gettimeofday.  */
| #define strlcat innocuous_strlcat
| 
| /* System header to define __stub macros and hopefully few prototypes,
|     which can conflict with char strlcat (); below.
|     Prefer <limits.h> to <assert.h> if __STDC__ is defined, since
|     <limits.h> exists even on freestanding compilers.  */
| 
| #ifdef __STDC__
| # include <limits.h>
| #else
| # include <assert.h>
| #endif
| 
| #undef strlcat
| 
| /* Override any GCC internal prototype to avoid an error.
|    Use char because int might match the return type of a GCC
|    builtin and then its argument prototype would still apply.  */
| #ifdef __cplusplus
| extern "C"
| #endif
| char strlcat ();
| /* The GNU C library defines this for functions which it implements
|     to always fail with ENOSYS.  Some functions are actually named
|     something starting with __ and the normal name is an alias.  */
| #if defined __stub_strlcat || defined __stub___strlcat
| choke me
| #endif
| 
| int
| main ()
| {
| return strlcat ();
|   ;
|   return 0;
| }
configure:10647: result: no
configure:10661: checking for getgrgid_r
configure:10661: gcc -o conftest -Os   conftest.c -lutil  >&5
configure:10661: $? = 0
configure:10661: result: yes
configure:10661: checking for getgrnam_r
configure:10661: gcc -o conftest -Os   conftest.c -lutil  >&5
configure:10661: $? = 0
configure:10661: result: yes
configure:10661: checking for gethostbyname_r
configure:10661: gcc -o conftest -Os   conftest.c -lutil  >&5
configure:10661: $? = 0
configure:10661: result: yes
configure:10661: checking for getpwnam_r
configure:10661: gcc -o conftest -Os   conftest.c -lutil  >&5
configure:10661: $? = 0
configure:10661: result: yes
configure:10661: checking for getpwuid_r
configure:10661: gcc -o conftest -Os   conftest.c -lutil  >&5
configure:10661: $? = 0
configure:10661: result: yes
configure:10661: checking for openpty
configure:10661: gcc -o conftest -Os   conftest.c -lutil  >&5
configure:10661: $? = 0
configure:10661: result: yes
configure:10661: checking for strcasestr
configure:10661: gcc -o conftest -Os   conftest.c -lutil  >&5
configure:10661: $? = 0
configure:10661: result: yes
configure:10661: checking for getresuid
configure:10661: gcc -o conftest -Os   conftest.c -lutil  >&5
configure:10661: $? = 0
configure:10661: result: yes
configure:10661: checking for getresgid
configure:10661: gcc -o conftest -Os   conftest.c -lutil  >&5
configure:10661: $? = 0
configure:10661: result: yes
configure:10661: checking for setresuid
configure:10661: gcc -o conftest -Os   conftest.c -lutil  >&5
configure:10661: $? = 0
configure:10661: result: yes
configure:10661: checking for setresgid
configure:10661: gcc -o conftest -Os   conftest.c -lutil  >&5
configure:10661: $? = 0
configure:10661: result: yes
configure:10689: gcc -o conftest -Os   conftest.c -lutil  >&5
configure:10689: $? = 0
configure:10709: gcc -o conftest -Os   conftest.c -lutil  >&5
configure:10709: $? = 0
configure:10728: gcc -o conftest -Os   conftest.c -lutil  >&5
configure:10728: $? = 0
configure:10747: gcc -o conftest -Os   conftest.c -lutil  >&5
configure:10747: $? = 0
configure:10765: gcc -o conftest -Os   conftest.c -lutil  >&5
configure:10765: $? = 0
configure:10785: gcc -o conftest -Os   conftest.c -lutil  >&5
configure:10785: $? = 0
configure:10804: gcc -o conftest -Os   conftest.c -lutil  >&5
configure:10804: $? = 0
configure:10825: gcc -o conftest -Os   conftest.c -lutil  >&5
conftest.c: In function 'main':
conftest.c:56:45: warning: initialization from incompatible pointer type [enabled by default]
 int (*f)(const char *, int, int *, int *) = getgrouplist;
                                             ^
configure:10825: $? = 0
configure: failed program was:
| /* confdefs.h */
| #define PACKAGE_NAME "shellinabox"
| #define PACKAGE_TARNAME "shellinabox"
| #define PACKAGE_VERSION "2.10"
| #define PACKAGE_STRING "shellinabox 2.10"
| #define PACKAGE_BUGREPORT "markus@shellinabox.com"
| #define PACKAGE_URL ""
| #define VCS_REVISION "239"
| #define PACKAGE "shellinabox"
| #define VERSION "2.10"
| #define STDC_HEADERS 1
| #define HAVE_SYS_TYPES_H 1
| #define HAVE_SYS_STAT_H 1
| #define HAVE_STDLIB_H 1
| #define HAVE_STRING_H 1
| #define HAVE_MEMORY_H 1
| #define HAVE_STRINGS_H 1
| #define HAVE_INTTYPES_H 1
| #define HAVE_STDINT_H 1
| #define HAVE_UNISTD_H 1
| #define HAVE_DLFCN_H 1
| #define LT_OBJDIR ".libs/"
| #define HAVE_PTHREAD_H 1
| #define HAVE_PTY_H 1
| #define HAVE_STRINGS_H 1
| #define HAVE_SYS_PRCTL_H 1
| #define HAVE_SYS_UIO_H 1
| #define HAVE_UTMP_H 1
| #define HAVE_UTMPX_H 1
| #define HAVE_LOGIN_TTY 1
| #define HAVE_GETGRGID_R 1
| #define HAVE_GETGRNAM_R 1
| #define HAVE_GETHOSTBYNAME_R 1
| #define HAVE_GETPWNAM_R 1
| #define HAVE_GETPWUID_R 1
| #define HAVE_OPENPTY 1
| #define HAVE_STRCASESTR 1
| #define HAVE_GETRESUID 1
| #define HAVE_GETRESGID 1
| #define HAVE_SETRESUID 1
| #define HAVE_SETRESGID 1
| #define HAVE_PTSNAME_R 1
| #define HAVE_SIGWAIT 1
| #define HAVE_ISNAN 1
| #define HAVE_UPDWTMP 1
| #define HAVE_UPDWTMPX 1
| #define HAVE_ATTRIBUTE_ALIAS 1
| #define HAVE_ATTRIBUTE_UNUSED 1
| /* end confdefs.h.  */
| #define _BSD_SOURCE
|              #include <grp.h>
|              #include <unistd.h>
| int
| main ()
| {
| int (*f)(const char *, int, int *, int *) = getgrouplist;
|   ;
|   return 0;
| }
configure:10866: checking openssl/bio.h usability
configure:10866: gcc -c -Os  conftest.c >&5
conftest.c:84:25: fatal error: openssl/bio.h: No such file or directory
 #include <openssl/bio.h>
                         ^
compilation terminated.
configure:10866: $? = 1
configure: failed program was:
| /* confdefs.h */
| #define PACKAGE_NAME "shellinabox"
| #define PACKAGE_TARNAME "shellinabox"
| #define PACKAGE_VERSION "2.10"
| #define PACKAGE_STRING "shellinabox 2.10"
| #define PACKAGE_BUGREPORT "markus@shellinabox.com"
| #define PACKAGE_URL ""
| #define VCS_REVISION "239"
| #define PACKAGE "shellinabox"
| #define VERSION "2.10"
| #define STDC_HEADERS 1
| #define HAVE_SYS_TYPES_H 1
| #define HAVE_SYS_STAT_H 1
| #define HAVE_STDLIB_H 1
| #define HAVE_STRING_H 1
| #define HAVE_MEMORY_H 1
| #define HAVE_STRINGS_H 1
| #define HAVE_INTTYPES_H 1
| #define HAVE_STDINT_H 1
| #define HAVE_UNISTD_H 1
| #define HAVE_DLFCN_H 1
| #define LT_OBJDIR ".libs/"
| #define HAVE_PTHREAD_H 1
| #define HAVE_PTY_H 1
| #define HAVE_STRINGS_H 1
| #define HAVE_SYS_PRCTL_H 1
| #define HAVE_SYS_UIO_H 1
| #define HAVE_UTMP_H 1
| #define HAVE_UTMPX_H 1
| #define HAVE_LOGIN_TTY 1
| #define HAVE_GETGRGID_R 1
| #define HAVE_GETGRNAM_R 1
| #define HAVE_GETHOSTBYNAME_R 1
| #define HAVE_GETPWNAM_R 1
| #define HAVE_GETPWUID_R 1
| #define HAVE_OPENPTY 1
| #define HAVE_STRCASESTR 1
| #define HAVE_GETRESUID 1
| #define HAVE_GETRESGID 1
| #define HAVE_SETRESUID 1
| #define HAVE_SETRESGID 1
| #define HAVE_PTSNAME_R 1
| #define HAVE_SIGWAIT 1
| #define HAVE_ISNAN 1
| #define HAVE_UPDWTMP 1
| #define HAVE_UPDWTMPX 1
| #define HAVE_ATTRIBUTE_ALIAS 1
| #define HAVE_ATTRIBUTE_UNUSED 1
| #define HAVE_BIN_LOGIN 1
| /* end confdefs.h.  */
| #include <stdio.h>
| #ifdef HAVE_SYS_TYPES_H
| # include <sys/types.h>
| #endif
| #ifdef HAVE_SYS_STAT_H
| # include <sys/stat.h>
| #endif
| #ifdef STDC_HEADERS
| # include <stdlib.h>
| # include <stddef.h>
| #else
| # ifdef HAVE_STDLIB_H
| #  include <stdlib.h>
| # endif
| #endif
| #ifdef HAVE_STRING_H
| # if !defined STDC_HEADERS && defined HAVE_MEMORY_H
| #  include <memory.h>
| # endif
| # include <string.h>
| #endif
| #ifdef HAVE_STRINGS_H
| # include <strings.h>
| #endif
| #ifdef HAVE_INTTYPES_H
| # include <inttypes.h>
| #endif
| #ifdef HAVE_STDINT_H
| # include <stdint.h>
| #endif
| #ifdef HAVE_UNISTD_H
| # include <unistd.h>
| #endif
| #include <openssl/bio.h>
configure:10866: result: no
configure:10866: checking openssl/bio.h presence
configure:10866: gcc -E  conftest.c
conftest.c:51:25: fatal error: openssl/bio.h: No such file or directory
 #include <openssl/bio.h>
                         ^
compilation terminated.
configure:10866: $? = 1
configure: failed program was:
| /* confdefs.h */
| #define PACKAGE_NAME "shellinabox"
| #define PACKAGE_TARNAME "shellinabox"
| #define PACKAGE_VERSION "2.10"
| #define PACKAGE_STRING "shellinabox 2.10"
| #define PACKAGE_BUGREPORT "markus@shellinabox.com"
| #define PACKAGE_URL ""
| #define VCS_REVISION "239"
| #define PACKAGE "shellinabox"
| #define VERSION "2.10"
| #define STDC_HEADERS 1
| #define HAVE_SYS_TYPES_H 1
| #define HAVE_SYS_STAT_H 1
| #define HAVE_STDLIB_H 1
| #define HAVE_STRING_H 1
| #define HAVE_MEMORY_H 1
| #define HAVE_STRINGS_H 1
| #define HAVE_INTTYPES_H 1
| #define HAVE_STDINT_H 1
| #define HAVE_UNISTD_H 1
| #define HAVE_DLFCN_H 1
| #define LT_OBJDIR ".libs/"
| #define HAVE_PTHREAD_H 1
| #define HAVE_PTY_H 1
| #define HAVE_STRINGS_H 1
| #define HAVE_SYS_PRCTL_H 1
| #define HAVE_SYS_UIO_H 1
| #define HAVE_UTMP_H 1
| #define HAVE_UTMPX_H 1
| #define HAVE_LOGIN_TTY 1
| #define HAVE_GETGRGID_R 1
| #define HAVE_GETGRNAM_R 1
| #define HAVE_GETHOSTBYNAME_R 1
| #define HAVE_GETPWNAM_R 1
| #define HAVE_GETPWUID_R 1
| #define HAVE_OPENPTY 1
| #define HAVE_STRCASESTR 1
| #define HAVE_GETRESUID 1
| #define HAVE_GETRESGID 1
| #define HAVE_SETRESUID 1
| #define HAVE_SETRESGID 1
| #define HAVE_PTSNAME_R 1
| #define HAVE_SIGWAIT 1
| #define HAVE_ISNAN 1
| #define HAVE_UPDWTMP 1
| #define HAVE_UPDWTMPX 1
| #define HAVE_ATTRIBUTE_ALIAS 1
| #define HAVE_ATTRIBUTE_UNUSED 1
| #define HAVE_BIN_LOGIN 1
| /* end confdefs.h.  */
| #include <openssl/bio.h>
configure:10866: result: no
configure:10866: checking for openssl/bio.h
configure:10866: result: no
configure:10866: checking openssl/err.h usability
configure:10866: gcc -c -Os  conftest.c >&5
conftest.c:84:25: fatal error: openssl/err.h: No such file or directory
 #include <openssl/err.h>
                         ^
compilation terminated.
configure:10866: $? = 1
configure: failed program was:
| /* confdefs.h */
| #define PACKAGE_NAME "shellinabox"
| #define PACKAGE_TARNAME "shellinabox"
| #define PACKAGE_VERSION "2.10"
| #define PACKAGE_STRING "shellinabox 2.10"
| #define PACKAGE_BUGREPORT "markus@shellinabox.com"
| #define PACKAGE_URL ""
| #define VCS_REVISION "239"
| #define PACKAGE "shellinabox"
| #define VERSION "2.10"
| #define STDC_HEADERS 1
| #define HAVE_SYS_TYPES_H 1
| #define HAVE_SYS_STAT_H 1
| #define HAVE_STDLIB_H 1
| #define HAVE_STRING_H 1
| #define HAVE_MEMORY_H 1
| #define HAVE_STRINGS_H 1
| #define HAVE_INTTYPES_H 1
| #define HAVE_STDINT_H 1
| #define HAVE_UNISTD_H 1
| #define HAVE_DLFCN_H 1
| #define LT_OBJDIR ".libs/"
| #define HAVE_PTHREAD_H 1
| #define HAVE_PTY_H 1
| #define HAVE_STRINGS_H 1
| #define HAVE_SYS_PRCTL_H 1
| #define HAVE_SYS_UIO_H 1
| #define HAVE_UTMP_H 1
| #define HAVE_UTMPX_H 1
| #define HAVE_LOGIN_TTY 1
| #define HAVE_GETGRGID_R 1
| #define HAVE_GETGRNAM_R 1
| #define HAVE_GETHOSTBYNAME_R 1
| #define HAVE_GETPWNAM_R 1
| #define HAVE_GETPWUID_R 1
| #define HAVE_OPENPTY 1
| #define HAVE_STRCASESTR 1
| #define HAVE_GETRESUID 1
| #define HAVE_GETRESGID 1
| #define HAVE_SETRESUID 1
| #define HAVE_SETRESGID 1
| #define HAVE_PTSNAME_R 1
| #define HAVE_SIGWAIT 1
| #define HAVE_ISNAN 1
| #define HAVE_UPDWTMP 1
| #define HAVE_UPDWTMPX 1
| #define HAVE_ATTRIBUTE_ALIAS 1
| #define HAVE_ATTRIBUTE_UNUSED 1
| #define HAVE_BIN_LOGIN 1
| /* end confdefs.h.  */
| #include <stdio.h>
| #ifdef HAVE_SYS_TYPES_H
| # include <sys/types.h>
| #endif
| #ifdef HAVE_SYS_STAT_H
| # include <sys/stat.h>
| #endif
| #ifdef STDC_HEADERS
| # include <stdlib.h>
| # include <stddef.h>
| #else
| # ifdef HAVE_STDLIB_H
| #  include <stdlib.h>
| # endif
| #endif
| #ifdef HAVE_STRING_H
| # if !defined STDC_HEADERS && defined HAVE_MEMORY_H
| #  include <memory.h>
| # endif
| # include <string.h>
| #endif
| #ifdef HAVE_STRINGS_H
| # include <strings.h>
| #endif
| #ifdef HAVE_INTTYPES_H
| # include <inttypes.h>
| #endif
| #ifdef HAVE_STDINT_H
| # include <stdint.h>
| #endif
| #ifdef HAVE_UNISTD_H
| # include <unistd.h>
| #endif
| #include <openssl/err.h>
configure:10866: result: no
configure:10866: checking openssl/err.h presence
configure:10866: gcc -E  conftest.c
conftest.c:51:25: fatal error: openssl/err.h: No such file or directory
 #include <openssl/err.h>
                         ^
compilation terminated.
configure:10866: $? = 1
configure: failed program was:
| /* confdefs.h */
| #define PACKAGE_NAME "shellinabox"
| #define PACKAGE_TARNAME "shellinabox"
| #define PACKAGE_VERSION "2.10"
| #define PACKAGE_STRING "shellinabox 2.10"
| #define PACKAGE_BUGREPORT "markus@shellinabox.com"
| #define PACKAGE_URL ""
| #define VCS_REVISION "239"
| #define PACKAGE "shellinabox"
| #define VERSION "2.10"
| #define STDC_HEADERS 1
| #define HAVE_SYS_TYPES_H 1
| #define HAVE_SYS_STAT_H 1
| #define HAVE_STDLIB_H 1
| #define HAVE_STRING_H 1
| #define HAVE_MEMORY_H 1
| #define HAVE_STRINGS_H 1
| #define HAVE_INTTYPES_H 1
| #define HAVE_STDINT_H 1
| #define HAVE_UNISTD_H 1
| #define HAVE_DLFCN_H 1
| #define LT_OBJDIR ".libs/"
| #define HAVE_PTHREAD_H 1
| #define HAVE_PTY_H 1
| #define HAVE_STRINGS_H 1
| #define HAVE_SYS_PRCTL_H 1
| #define HAVE_SYS_UIO_H 1
| #define HAVE_UTMP_H 1
| #define HAVE_UTMPX_H 1
| #define HAVE_LOGIN_TTY 1
| #define HAVE_GETGRGID_R 1
| #define HAVE_GETGRNAM_R 1
| #define HAVE_GETHOSTBYNAME_R 1
| #define HAVE_GETPWNAM_R 1
| #define HAVE_GETPWUID_R 1
| #define HAVE_OPENPTY 1
| #define HAVE_STRCASESTR 1
| #define HAVE_GETRESUID 1
| #define HAVE_GETRESGID 1
| #define HAVE_SETRESUID 1
| #define HAVE_SETRESGID 1
| #define HAVE_PTSNAME_R 1
| #define HAVE_SIGWAIT 1
| #define HAVE_ISNAN 1
| #define HAVE_UPDWTMP 1
| #define HAVE_UPDWTMPX 1
| #define HAVE_ATTRIBUTE_ALIAS 1
| #define HAVE_ATTRIBUTE_UNUSED 1
| #define HAVE_BIN_LOGIN 1
| /* end confdefs.h.  */
| #include <openssl/err.h>
configure:10866: result: no
configure:10866: checking for openssl/err.h
configure:10866: result: no
configure:10866: checking openssl/ssl.h usability
configure:10866: gcc -c -Os  conftest.c >&5
conftest.c:84:25: fatal error: openssl/ssl.h: No such file or directory
 #include <openssl/ssl.h>
                         ^
compilation terminated.
configure:10866: $? = 1
configure: failed program was:
| /* confdefs.h */
| #define PACKAGE_NAME "shellinabox"
| #define PACKAGE_TARNAME "shellinabox"
| #define PACKAGE_VERSION "2.10"
| #define PACKAGE_STRING "shellinabox 2.10"
| #define PACKAGE_BUGREPORT "markus@shellinabox.com"
| #define PACKAGE_URL ""
| #define VCS_REVISION "239"
| #define PACKAGE "shellinabox"
| #define VERSION "2.10"
| #define STDC_HEADERS 1
| #define HAVE_SYS_TYPES_H 1
| #define HAVE_SYS_STAT_H 1
| #define HAVE_STDLIB_H 1
| #define HAVE_STRING_H 1
| #define HAVE_MEMORY_H 1
| #define HAVE_STRINGS_H 1
| #define HAVE_INTTYPES_H 1
| #define HAVE_STDINT_H 1
| #define HAVE_UNISTD_H 1
| #define HAVE_DLFCN_H 1
| #define LT_OBJDIR ".libs/"
| #define HAVE_PTHREAD_H 1
| #define HAVE_PTY_H 1
| #define HAVE_STRINGS_H 1
| #define HAVE_SYS_PRCTL_H 1
| #define HAVE_SYS_UIO_H 1
| #define HAVE_UTMP_H 1
| #define HAVE_UTMPX_H 1
| #define HAVE_LOGIN_TTY 1
| #define HAVE_GETGRGID_R 1
| #define HAVE_GETGRNAM_R 1
| #define HAVE_GETHOSTBYNAME_R 1
| #define HAVE_GETPWNAM_R 1
| #define HAVE_GETPWUID_R 1
| #define HAVE_OPENPTY 1
| #define HAVE_STRCASESTR 1
| #define HAVE_GETRESUID 1
| #define HAVE_GETRESGID 1
| #define HAVE_SETRESUID 1
| #define HAVE_SETRESGID 1
| #define HAVE_PTSNAME_R 1
| #define HAVE_SIGWAIT 1
| #define HAVE_ISNAN 1
| #define HAVE_UPDWTMP 1
| #define HAVE_UPDWTMPX 1
| #define HAVE_ATTRIBUTE_ALIAS 1
| #define HAVE_ATTRIBUTE_UNUSED 1
| #define HAVE_BIN_LOGIN 1
| /* end confdefs.h.  */
| #include <stdio.h>
| #ifdef HAVE_SYS_TYPES_H
| # include <sys/types.h>
| #endif
| #ifdef HAVE_SYS_STAT_H
| # include <sys/stat.h>
| #endif
| #ifdef STDC_HEADERS
| # include <stdlib.h>
| # include <stddef.h>
| #else
| # ifdef HAVE_STDLIB_H
| #  include <stdlib.h>
| # endif
| #endif
| #ifdef HAVE_STRING_H
| # if !defined STDC_HEADERS && defined HAVE_MEMORY_H
| #  include <memory.h>
| # endif
| # include <string.h>
| #endif
| #ifdef HAVE_STRINGS_H
| # include <strings.h>
| #endif
| #ifdef HAVE_INTTYPES_H
| # include <inttypes.h>
| #endif
| #ifdef HAVE_STDINT_H
| # include <stdint.h>
| #endif
| #ifdef HAVE_UNISTD_H
| # include <unistd.h>
| #endif
| #include <openssl/ssl.h>
configure:10866: result: no
configure:10866: checking openssl/ssl.h presence
configure:10866: gcc -E  conftest.c
conftest.c:51:25: fatal error: openssl/ssl.h: No such file or directory
 #include <openssl/ssl.h>
                         ^
compilation terminated.
configure:10866: $? = 1
configure: failed program was:
| /* confdefs.h */
| #define PACKAGE_NAME "shellinabox"
| #define PACKAGE_TARNAME "shellinabox"
| #define PACKAGE_VERSION "2.10"
| #define PACKAGE_STRING "shellinabox 2.10"
| #define PACKAGE_BUGREPORT "markus@shellinabox.com"
| #define PACKAGE_URL ""
| #define VCS_REVISION "239"
| #define PACKAGE "shellinabox"
| #define VERSION "2.10"
| #define STDC_HEADERS 1
| #define HAVE_SYS_TYPES_H 1
| #define HAVE_SYS_STAT_H 1
| #define HAVE_STDLIB_H 1
| #define HAVE_STRING_H 1
| #define HAVE_MEMORY_H 1
| #define HAVE_STRINGS_H 1
| #define HAVE_INTTYPES_H 1
| #define HAVE_STDINT_H 1
| #define HAVE_UNISTD_H 1
| #define HAVE_DLFCN_H 1
| #define LT_OBJDIR ".libs/"
| #define HAVE_PTHREAD_H 1
| #define HAVE_PTY_H 1
| #define HAVE_STRINGS_H 1
| #define HAVE_SYS_PRCTL_H 1
| #define HAVE_SYS_UIO_H 1
| #define HAVE_UTMP_H 1
| #define HAVE_UTMPX_H 1
| #define HAVE_LOGIN_TTY 1
| #define HAVE_GETGRGID_R 1
| #define HAVE_GETGRNAM_R 1
| #define HAVE_GETHOSTBYNAME_R 1
| #define HAVE_GETPWNAM_R 1
| #define HAVE_GETPWUID_R 1
| #define HAVE_OPENPTY 1
| #define HAVE_STRCASESTR 1
| #define HAVE_GETRESUID 1
| #define HAVE_GETRESGID 1
| #define HAVE_SETRESUID 1
| #define HAVE_SETRESGID 1
| #define HAVE_PTSNAME_R 1
| #define HAVE_SIGWAIT 1
| #define HAVE_ISNAN 1
| #define HAVE_UPDWTMP 1
| #define HAVE_UPDWTMPX 1
| #define HAVE_ATTRIBUTE_ALIAS 1
| #define HAVE_ATTRIBUTE_UNUSED 1
| #define HAVE_BIN_LOGIN 1
| /* end confdefs.h.  */
| #include <openssl/ssl.h>
configure:10866: result: no
configure:10866: checking for openssl/ssl.h
configure:10866: result: no
configure:10884: checking security/pam_appl.h usability
configure:10884: gcc -c -Os  conftest.c >&5
conftest.c:84:31: fatal error: security/pam_appl.h: No such file or directory
 #include <security/pam_appl.h>
                               ^
compilation terminated.
configure:10884: $? = 1
configure: failed program was:
| /* confdefs.h */
| #define PACKAGE_NAME "shellinabox"
| #define PACKAGE_TARNAME "shellinabox"
| #define PACKAGE_VERSION "2.10"
| #define PACKAGE_STRING "shellinabox 2.10"
| #define PACKAGE_BUGREPORT "markus@shellinabox.com"
| #define PACKAGE_URL ""
| #define VCS_REVISION "239"
| #define PACKAGE "shellinabox"
| #define VERSION "2.10"
| #define STDC_HEADERS 1
| #define HAVE_SYS_TYPES_H 1
| #define HAVE_SYS_STAT_H 1
| #define HAVE_STDLIB_H 1
| #define HAVE_STRING_H 1
| #define HAVE_MEMORY_H 1
| #define HAVE_STRINGS_H 1
| #define HAVE_INTTYPES_H 1
| #define HAVE_STDINT_H 1
| #define HAVE_UNISTD_H 1
| #define HAVE_DLFCN_H 1
| #define LT_OBJDIR ".libs/"
| #define HAVE_PTHREAD_H 1
| #define HAVE_PTY_H 1
| #define HAVE_STRINGS_H 1
| #define HAVE_SYS_PRCTL_H 1
| #define HAVE_SYS_UIO_H 1
| #define HAVE_UTMP_H 1
| #define HAVE_UTMPX_H 1
| #define HAVE_LOGIN_TTY 1
| #define HAVE_GETGRGID_R 1
| #define HAVE_GETGRNAM_R 1
| #define HAVE_GETHOSTBYNAME_R 1
| #define HAVE_GETPWNAM_R 1
| #define HAVE_GETPWUID_R 1
| #define HAVE_OPENPTY 1
| #define HAVE_STRCASESTR 1
| #define HAVE_GETRESUID 1
| #define HAVE_GETRESGID 1
| #define HAVE_SETRESUID 1
| #define HAVE_SETRESGID 1
| #define HAVE_PTSNAME_R 1
| #define HAVE_SIGWAIT 1
| #define HAVE_ISNAN 1
| #define HAVE_UPDWTMP 1
| #define HAVE_UPDWTMPX 1
| #define HAVE_ATTRIBUTE_ALIAS 1
| #define HAVE_ATTRIBUTE_UNUSED 1
| #define HAVE_BIN_LOGIN 1
| /* end confdefs.h.  */
| #include <stdio.h>
| #ifdef HAVE_SYS_TYPES_H
| # include <sys/types.h>
| #endif
| #ifdef HAVE_SYS_STAT_H
| # include <sys/stat.h>
| #endif
| #ifdef STDC_HEADERS
| # include <stdlib.h>
| # include <stddef.h>
| #else
| # ifdef HAVE_STDLIB_H
| #  include <stdlib.h>
| # endif
| #endif
| #ifdef HAVE_STRING_H
| # if !defined STDC_HEADERS && defined HAVE_MEMORY_H
| #  include <memory.h>
| # endif
| # include <string.h>
| #endif
| #ifdef HAVE_STRINGS_H
| # include <strings.h>
| #endif
| #ifdef HAVE_INTTYPES_H
| # include <inttypes.h>
| #endif
| #ifdef HAVE_STDINT_H
| # include <stdint.h>
| #endif
| #ifdef HAVE_UNISTD_H
| # include <unistd.h>
| #endif
| #include <security/pam_appl.h>
configure:10884: result: no
configure:10884: checking security/pam_appl.h presence
configure:10884: gcc -E  conftest.c
conftest.c:51:31: fatal error: security/pam_appl.h: No such file or directory
 #include <security/pam_appl.h>
                               ^
compilation terminated.
configure:10884: $? = 1
configure: failed program was:
| /* confdefs.h */
| #define PACKAGE_NAME "shellinabox"
| #define PACKAGE_TARNAME "shellinabox"
| #define PACKAGE_VERSION "2.10"
| #define PACKAGE_STRING "shellinabox 2.10"
| #define PACKAGE_BUGREPORT "markus@shellinabox.com"
| #define PACKAGE_URL ""
| #define VCS_REVISION "239"
| #define PACKAGE "shellinabox"
| #define VERSION "2.10"
| #define STDC_HEADERS 1
| #define HAVE_SYS_TYPES_H 1
| #define HAVE_SYS_STAT_H 1
| #define HAVE_STDLIB_H 1
| #define HAVE_STRING_H 1
| #define HAVE_MEMORY_H 1
| #define HAVE_STRINGS_H 1
| #define HAVE_INTTYPES_H 1
| #define HAVE_STDINT_H 1
| #define HAVE_UNISTD_H 1
| #define HAVE_DLFCN_H 1
| #define LT_OBJDIR ".libs/"
| #define HAVE_PTHREAD_H 1
| #define HAVE_PTY_H 1
| #define HAVE_STRINGS_H 1
| #define HAVE_SYS_PRCTL_H 1
| #define HAVE_SYS_UIO_H 1
| #define HAVE_UTMP_H 1
| #define HAVE_UTMPX_H 1
| #define HAVE_LOGIN_TTY 1
| #define HAVE_GETGRGID_R 1
| #define HAVE_GETGRNAM_R 1
| #define HAVE_GETHOSTBYNAME_R 1
| #define HAVE_GETPWNAM_R 1
| #define HAVE_GETPWUID_R 1
| #define HAVE_OPENPTY 1
| #define HAVE_STRCASESTR 1
| #define HAVE_GETRESUID 1
| #define HAVE_GETRESGID 1
| #define HAVE_SETRESUID 1
| #define HAVE_SETRESGID 1
| #define HAVE_PTSNAME_R 1
| #define HAVE_SIGWAIT 1
| #define HAVE_ISNAN 1
| #define HAVE_UPDWTMP 1
| #define HAVE_UPDWTMPX 1
| #define HAVE_ATTRIBUTE_ALIAS 1
| #define HAVE_ATTRIBUTE_UNUSED 1
| #define HAVE_BIN_LOGIN 1
| /* end confdefs.h.  */
| #include <security/pam_appl.h>
configure:10884: result: no
configure:10884: checking for security/pam_appl.h
configure:10884: result: no
configure:10884: checking security/pam_client.h usability
configure:10884: gcc -c -Os  conftest.c >&5
conftest.c:84:33: fatal error: security/pam_client.h: No such file or directory
 #include <security/pam_client.h>
                                 ^
compilation terminated.
configure:10884: $? = 1
configure: failed program was:
| /* confdefs.h */
| #define PACKAGE_NAME "shellinabox"
| #define PACKAGE_TARNAME "shellinabox"
| #define PACKAGE_VERSION "2.10"
| #define PACKAGE_STRING "shellinabox 2.10"
| #define PACKAGE_BUGREPORT "markus@shellinabox.com"
| #define PACKAGE_URL ""
| #define VCS_REVISION "239"
| #define PACKAGE "shellinabox"
| #define VERSION "2.10"
| #define STDC_HEADERS 1
| #define HAVE_SYS_TYPES_H 1
| #define HAVE_SYS_STAT_H 1
| #define HAVE_STDLIB_H 1
| #define HAVE_STRING_H 1
| #define HAVE_MEMORY_H 1
| #define HAVE_STRINGS_H 1
| #define HAVE_INTTYPES_H 1
| #define HAVE_STDINT_H 1
| #define HAVE_UNISTD_H 1
| #define HAVE_DLFCN_H 1
| #define LT_OBJDIR ".libs/"
| #define HAVE_PTHREAD_H 1
| #define HAVE_PTY_H 1
| #define HAVE_STRINGS_H 1
| #define HAVE_SYS_PRCTL_H 1
| #define HAVE_SYS_UIO_H 1
| #define HAVE_UTMP_H 1
| #define HAVE_UTMPX_H 1
| #define HAVE_LOGIN_TTY 1
| #define HAVE_GETGRGID_R 1
| #define HAVE_GETGRNAM_R 1
| #define HAVE_GETHOSTBYNAME_R 1
| #define HAVE_GETPWNAM_R 1
| #define HAVE_GETPWUID_R 1
| #define HAVE_OPENPTY 1
| #define HAVE_STRCASESTR 1
| #define HAVE_GETRESUID 1
| #define HAVE_GETRESGID 1
| #define HAVE_SETRESUID 1
| #define HAVE_SETRESGID 1
| #define HAVE_PTSNAME_R 1
| #define HAVE_SIGWAIT 1
| #define HAVE_ISNAN 1
| #define HAVE_UPDWTMP 1
| #define HAVE_UPDWTMPX 1
| #define HAVE_ATTRIBUTE_ALIAS 1
| #define HAVE_ATTRIBUTE_UNUSED 1
| #define HAVE_BIN_LOGIN 1
| /* end confdefs.h.  */
| #include <stdio.h>
| #ifdef HAVE_SYS_TYPES_H
| # include <sys/types.h>
| #endif
| #ifdef HAVE_SYS_STAT_H
| # include <sys/stat.h>
| #endif
| #ifdef STDC_HEADERS
| # include <stdlib.h>
| # include <stddef.h>
| #else
| # ifdef HAVE_STDLIB_H
| #  include <stdlib.h>
| # endif
| #endif
| #ifdef HAVE_STRING_H
| # if !defined STDC_HEADERS && defined HAVE_MEMORY_H
| #  include <memory.h>
| # endif
| # include <string.h>
| #endif
| #ifdef HAVE_STRINGS_H
| # include <strings.h>
| #endif
| #ifdef HAVE_INTTYPES_H
| # include <inttypes.h>
| #endif
| #ifdef HAVE_STDINT_H
| # include <stdint.h>
| #endif
| #ifdef HAVE_UNISTD_H
| # include <unistd.h>
| #endif
| #include <security/pam_client.h>
configure:10884: result: no
configure:10884: checking security/pam_client.h presence
configure:10884: gcc -E  conftest.c
conftest.c:51:33: fatal error: security/pam_client.h: No such file or directory
 #include <security/pam_client.h>
                                 ^
compilation terminated.
configure:10884: $? = 1
configure: failed program was:
| /* confdefs.h */
| #define PACKAGE_NAME "shellinabox"
| #define PACKAGE_TARNAME "shellinabox"
| #define PACKAGE_VERSION "2.10"
| #define PACKAGE_STRING "shellinabox 2.10"
| #define PACKAGE_BUGREPORT "markus@shellinabox.com"
| #define PACKAGE_URL ""
| #define VCS_REVISION "239"
| #define PACKAGE "shellinabox"
| #define VERSION "2.10"
| #define STDC_HEADERS 1
| #define HAVE_SYS_TYPES_H 1
| #define HAVE_SYS_STAT_H 1
| #define HAVE_STDLIB_H 1
| #define HAVE_STRING_H 1
| #define HAVE_MEMORY_H 1
| #define HAVE_STRINGS_H 1
| #define HAVE_INTTYPES_H 1
| #define HAVE_STDINT_H 1
| #define HAVE_UNISTD_H 1
| #define HAVE_DLFCN_H 1
| #define LT_OBJDIR ".libs/"
| #define HAVE_PTHREAD_H 1
| #define HAVE_PTY_H 1
| #define HAVE_STRINGS_H 1
| #define HAVE_SYS_PRCTL_H 1
| #define HAVE_SYS_UIO_H 1
| #define HAVE_UTMP_H 1
| #define HAVE_UTMPX_H 1
| #define HAVE_LOGIN_TTY 1
| #define HAVE_GETGRGID_R 1
| #define HAVE_GETGRNAM_R 1
| #define HAVE_GETHOSTBYNAME_R 1
| #define HAVE_GETPWNAM_R 1
| #define HAVE_GETPWUID_R 1
| #define HAVE_OPENPTY 1
| #define HAVE_STRCASESTR 1
| #define HAVE_GETRESUID 1
| #define HAVE_GETRESGID 1
| #define HAVE_SETRESUID 1
| #define HAVE_SETRESGID 1
| #define HAVE_PTSNAME_R 1
| #define HAVE_SIGWAIT 1
| #define HAVE_ISNAN 1
| #define HAVE_UPDWTMP 1
| #define HAVE_UPDWTMPX 1
| #define HAVE_ATTRIBUTE_ALIAS 1
| #define HAVE_ATTRIBUTE_UNUSED 1
| #define HAVE_BIN_LOGIN 1
| /* end confdefs.h.  */
| #include <security/pam_client.h>
configure:10884: result: no
configure:10884: checking for security/pam_client.h
configure:10884: result: no
configure:10884: checking security/pam_misc.h usability
configure:10884: gcc -c -Os  conftest.c >&5
conftest.c:84:31: fatal error: security/pam_misc.h: No such file or directory
 #include <security/pam_misc.h>
                               ^
compilation terminated.
configure:10884: $? = 1
configure: failed program was:
| /* confdefs.h */
| #define PACKAGE_NAME "shellinabox"
| #define PACKAGE_TARNAME "shellinabox"
| #define PACKAGE_VERSION "2.10"
| #define PACKAGE_STRING "shellinabox 2.10"
| #define PACKAGE_BUGREPORT "markus@shellinabox.com"
| #define PACKAGE_URL ""
| #define VCS_REVISION "239"
| #define PACKAGE "shellinabox"
| #define VERSION "2.10"
| #define STDC_HEADERS 1
| #define HAVE_SYS_TYPES_H 1
| #define HAVE_SYS_STAT_H 1
| #define HAVE_STDLIB_H 1
| #define HAVE_STRING_H 1
| #define HAVE_MEMORY_H 1
| #define HAVE_STRINGS_H 1
| #define HAVE_INTTYPES_H 1
| #define HAVE_STDINT_H 1
| #define HAVE_UNISTD_H 1
| #define HAVE_DLFCN_H 1
| #define LT_OBJDIR ".libs/"
| #define HAVE_PTHREAD_H 1
| #define HAVE_PTY_H 1
| #define HAVE_STRINGS_H 1
| #define HAVE_SYS_PRCTL_H 1
| #define HAVE_SYS_UIO_H 1
| #define HAVE_UTMP_H 1
| #define HAVE_UTMPX_H 1
| #define HAVE_LOGIN_TTY 1
| #define HAVE_GETGRGID_R 1
| #define HAVE_GETGRNAM_R 1
| #define HAVE_GETHOSTBYNAME_R 1
| #define HAVE_GETPWNAM_R 1
| #define HAVE_GETPWUID_R 1
| #define HAVE_OPENPTY 1
| #define HAVE_STRCASESTR 1
| #define HAVE_GETRESUID 1
| #define HAVE_GETRESGID 1
| #define HAVE_SETRESUID 1
| #define HAVE_SETRESGID 1
| #define HAVE_PTSNAME_R 1
| #define HAVE_SIGWAIT 1
| #define HAVE_ISNAN 1
| #define HAVE_UPDWTMP 1
| #define HAVE_UPDWTMPX 1
| #define HAVE_ATTRIBUTE_ALIAS 1
| #define HAVE_ATTRIBUTE_UNUSED 1
| #define HAVE_BIN_LOGIN 1
| /* end confdefs.h.  */
| #include <stdio.h>
| #ifdef HAVE_SYS_TYPES_H
| # include <sys/types.h>
| #endif
| #ifdef HAVE_SYS_STAT_H
| # include <sys/stat.h>
| #endif
| #ifdef STDC_HEADERS
| # include <stdlib.h>
| # include <stddef.h>
| #else
| # ifdef HAVE_STDLIB_H
| #  include <stdlib.h>
| # endif
| #endif
| #ifdef HAVE_STRING_H
| # if !defined STDC_HEADERS && defined HAVE_MEMORY_H
| #  include <memory.h>
| # endif
| # include <string.h>
| #endif
| #ifdef HAVE_STRINGS_H
| # include <strings.h>
| #endif
| #ifdef HAVE_INTTYPES_H
| # include <inttypes.h>
| #endif
| #ifdef HAVE_STDINT_H
| # include <stdint.h>
| #endif
| #ifdef HAVE_UNISTD_H
| # include <unistd.h>
| #endif
| #include <security/pam_misc.h>
configure:10884: result: no
configure:10884: checking security/pam_misc.h presence
configure:10884: gcc -E  conftest.c
conftest.c:51:31: fatal error: security/pam_misc.h: No such file or directory
 #include <security/pam_misc.h>
                               ^
compilation terminated.
configure:10884: $? = 1
configure: failed program was:
| /* confdefs.h */
| #define PACKAGE_NAME "shellinabox"
| #define PACKAGE_TARNAME "shellinabox"
| #define PACKAGE_VERSION "2.10"
| #define PACKAGE_STRING "shellinabox 2.10"
| #define PACKAGE_BUGREPORT "markus@shellinabox.com"
| #define PACKAGE_URL ""
| #define VCS_REVISION "239"
| #define PACKAGE "shellinabox"
| #define VERSION "2.10"
| #define STDC_HEADERS 1
| #define HAVE_SYS_TYPES_H 1
| #define HAVE_SYS_STAT_H 1
| #define HAVE_STDLIB_H 1
| #define HAVE_STRING_H 1
| #define HAVE_MEMORY_H 1
| #define HAVE_STRINGS_H 1
| #define HAVE_INTTYPES_H 1
| #define HAVE_STDINT_H 1
| #define HAVE_UNISTD_H 1
| #define HAVE_DLFCN_H 1
| #define LT_OBJDIR ".libs/"
| #define HAVE_PTHREAD_H 1
| #define HAVE_PTY_H 1
| #define HAVE_STRINGS_H 1
| #define HAVE_SYS_PRCTL_H 1
| #define HAVE_SYS_UIO_H 1
| #define HAVE_UTMP_H 1
| #define HAVE_UTMPX_H 1
| #define HAVE_LOGIN_TTY 1
| #define HAVE_GETGRGID_R 1
| #define HAVE_GETGRNAM_R 1
| #define HAVE_GETHOSTBYNAME_R 1
| #define HAVE_GETPWNAM_R 1
| #define HAVE_GETPWUID_R 1
| #define HAVE_OPENPTY 1
| #define HAVE_STRCASESTR 1
| #define HAVE_GETRESUID 1
| #define HAVE_GETRESGID 1
| #define HAVE_SETRESUID 1
| #define HAVE_SETRESGID 1
| #define HAVE_PTSNAME_R 1
| #define HAVE_SIGWAIT 1
| #define HAVE_ISNAN 1
| #define HAVE_UPDWTMP 1
| #define HAVE_UPDWTMPX 1
| #define HAVE_ATTRIBUTE_ALIAS 1
| #define HAVE_ATTRIBUTE_UNUSED 1
| #define HAVE_BIN_LOGIN 1
| /* end confdefs.h.  */
| #include <security/pam_misc.h>
configure:10884: result: no
configure:10884: checking for security/pam_misc.h
configure:10884: result: no
configure:10900: checking for dlopen
configure:10900: gcc -o conftest -Os   conftest.c -lutil  >&5
/tmp/cc63quFD.o: In function `main':
conftest.c:(.text.startup+0x4): undefined reference to `dlopen'
collect2: error: ld returned 1 exit status
configure:10900: $? = 1
configure: failed program was:
| /* confdefs.h */
| #define PACKAGE_NAME "shellinabox"
| #define PACKAGE_TARNAME "shellinabox"
| #define PACKAGE_VERSION "2.10"
| #define PACKAGE_STRING "shellinabox 2.10"
| #define PACKAGE_BUGREPORT "markus@shellinabox.com"
| #define PACKAGE_URL ""
| #define VCS_REVISION "239"
| #define PACKAGE "shellinabox"
| #define VERSION "2.10"
| #define STDC_HEADERS 1
| #define HAVE_SYS_TYPES_H 1
| #define HAVE_SYS_STAT_H 1
| #define HAVE_STDLIB_H 1
| #define HAVE_STRING_H 1
| #define HAVE_MEMORY_H 1
| #define HAVE_STRINGS_H 1
| #define HAVE_INTTYPES_H 1
| #define HAVE_STDINT_H 1
| #define HAVE_UNISTD_H 1
| #define HAVE_DLFCN_H 1
| #define LT_OBJDIR ".libs/"
| #define HAVE_PTHREAD_H 1
| #define HAVE_PTY_H 1
| #define HAVE_STRINGS_H 1
| #define HAVE_SYS_PRCTL_H 1
| #define HAVE_SYS_UIO_H 1
| #define HAVE_UTMP_H 1
| #define HAVE_UTMPX_H 1
| #define HAVE_LOGIN_TTY 1
| #define HAVE_GETGRGID_R 1
| #define HAVE_GETGRNAM_R 1
| #define HAVE_GETHOSTBYNAME_R 1
| #define HAVE_GETPWNAM_R 1
| #define HAVE_GETPWUID_R 1
| #define HAVE_OPENPTY 1
| #define HAVE_STRCASESTR 1
| #define HAVE_GETRESUID 1
| #define HAVE_GETRESGID 1
| #define HAVE_SETRESUID 1
| #define HAVE_SETRESGID 1
| #define HAVE_PTSNAME_R 1
| #define HAVE_SIGWAIT 1
| #define HAVE_ISNAN 1
| #define HAVE_UPDWTMP 1
| #define HAVE_UPDWTMPX 1
| #define HAVE_ATTRIBUTE_ALIAS 1
| #define HAVE_ATTRIBUTE_UNUSED 1
| #define HAVE_BIN_LOGIN 1
| /* end confdefs.h.  */
| /* Define dlopen to an innocuous variant, in case <limits.h> declares dlopen.
|    For example, HP-UX 11i <limits.h> declares gettimeofday.  */
| #define dlopen innocuous_dlopen
| 
| /* System header to define __stub macros and hopefully few prototypes,
|     which can conflict with char dlopen (); below.
|     Prefer <limits.h> to <assert.h> if __STDC__ is defined, since
|     <limits.h> exists even on freestanding compilers.  */
| 
| #ifdef __STDC__
| # include <limits.h>
| #else
| # include <assert.h>
| #endif
| 
| #undef dlopen
| 
| /* Override any GCC internal prototype to avoid an error.
|    Use char because int might match the return type of a GCC
|    builtin and then its argument prototype would still apply.  */
| #ifdef __cplusplus
| extern "C"
| #endif
| char dlopen ();
| /* The GNU C library defines this for functions which it implements
|     to always fail with ENOSYS.  Some functions are actually named
|     something starting with __ and the normal name is an alias.  */
| #if defined __stub_dlopen || defined __stub___dlopen
| choke me
| #endif
| 
| int
| main ()
| {
| return dlopen ();
|   ;
|   return 0;
| }
configure:10900: result: no
configure:10907: checking for dlopen in -ldl
configure:10932: gcc -o conftest -Os   conftest.c -ldl  -lutil  >&5
configure:10932: $? = 0
configure:10941: result: yes
configure:10992: checking for deflate in -lz
configure:11017: gcc -o conftest -Os   conftest.c -lz  -ldl -lutil  >&5
/usr/bin/ld: cannot find -lz
collect2: error: ld returned 1 exit status
configure:11017: $? = 1
configure: failed program was:
| /* confdefs.h */
| #define PACKAGE_NAME "shellinabox"
| #define PACKAGE_TARNAME "shellinabox"
| #define PACKAGE_VERSION "2.10"
| #define PACKAGE_STRING "shellinabox 2.10"
| #define PACKAGE_BUGREPORT "markus@shellinabox.com"
| #define PACKAGE_URL ""
| #define VCS_REVISION "239"
| #define PACKAGE "shellinabox"
| #define VERSION "2.10"
| #define STDC_HEADERS 1
| #define HAVE_SYS_TYPES_H 1
| #define HAVE_SYS_STAT_H 1
| #define HAVE_STDLIB_H 1
| #define HAVE_STRING_H 1
| #define HAVE_MEMORY_H 1
| #define HAVE_STRINGS_H 1
| #define HAVE_INTTYPES_H 1
| #define HAVE_STDINT_H 1
| #define HAVE_UNISTD_H 1
| #define HAVE_DLFCN_H 1
| #define LT_OBJDIR ".libs/"
| #define HAVE_PTHREAD_H 1
| #define HAVE_PTY_H 1
| #define HAVE_STRINGS_H 1
| #define HAVE_SYS_PRCTL_H 1
| #define HAVE_SYS_UIO_H 1
| #define HAVE_UTMP_H 1
| #define HAVE_UTMPX_H 1
| #define HAVE_LOGIN_TTY 1
| #define HAVE_GETGRGID_R 1
| #define HAVE_GETGRNAM_R 1
| #define HAVE_GETHOSTBYNAME_R 1
| #define HAVE_GETPWNAM_R 1
| #define HAVE_GETPWUID_R 1
| #define HAVE_OPENPTY 1
| #define HAVE_STRCASESTR 1
| #define HAVE_GETRESUID 1
| #define HAVE_GETRESGID 1
| #define HAVE_SETRESUID 1
| #define HAVE_SETRESGID 1
| #define HAVE_PTSNAME_R 1
| #define HAVE_SIGWAIT 1
| #define HAVE_ISNAN 1
| #define HAVE_UPDWTMP 1
| #define HAVE_UPDWTMPX 1
| #define HAVE_ATTRIBUTE_ALIAS 1
| #define HAVE_ATTRIBUTE_UNUSED 1
| #define HAVE_BIN_LOGIN 1
| #define HAVE_DLOPEN 1
| /* end confdefs.h.  */
| 
| /* Override any GCC internal prototype to avoid an error.
|    Use char because int might match the return type of a GCC
|    builtin and then its argument prototype would still apply.  */
| #ifdef __cplusplus
| extern "C"
| #endif
| char deflate ();
| int
| main ()
| {
| return deflate ();
|   ;
|   return 0;
| }
configure:11026: result: no
configure:11163: creating ./config.status

## ---------------------- ##
## Running config.status. ##
## ---------------------- ##

This file was extended by shellinabox config.status 2.10, which was
generated by GNU Autoconf 2.65.  Invocation command line was

  CONFIG_FILES    = 
  CONFIG_HEADERS  = 
  CONFIG_LINKS    = 
  CONFIG_COMMANDS = 
  $ ./config.status 

on kyle-ubuntu-srv

config.status:1093: creating Makefile
config.status:1093: creating config.h
config.status:1313: executing depfiles commands
config.status:1313: executing libtool commands

## ---------------- ##
## Cache variables. ##
## ---------------- ##

ac_cv_build=x86_64-unknown-linux-gnu
ac_cv_c_compiler_gnu=yes
ac_cv_c_const=yes
ac_cv_env_CC_set=
ac_cv_env_CC_value=
ac_cv_env_CFLAGS_set=
ac_cv_env_CFLAGS_value=
ac_cv_env_CPPFLAGS_set=
ac_cv_env_CPPFLAGS_value=
ac_cv_env_CPP_set=
ac_cv_env_CPP_value=
ac_cv_env_LDFLAGS_set=
ac_cv_env_LDFLAGS_value=
ac_cv_env_LIBS_set=
ac_cv_env_LIBS_value=
ac_cv_env_build_alias_set=
ac_cv_env_build_alias_value=
ac_cv_env_host_alias_set=
ac_cv_env_host_alias_value=
ac_cv_env_target_alias_set=
ac_cv_env_target_alias_value=
ac_cv_func_dlopen=no
ac_cv_func_getgrgid_r=yes
ac_cv_func_getgrnam_r=yes
ac_cv_func_gethostbyname_r=yes
ac_cv_func_getpwnam_r=yes
ac_cv_func_getpwuid_r=yes
ac_cv_func_getresgid=yes
ac_cv_func_getresuid=yes
ac_cv_func_login_tty=no
ac_cv_func_openpty=yes
ac_cv_func_setresgid=yes
ac_cv_func_setresuid=yes
ac_cv_func_strcasestr=yes
ac_cv_func_strlcat=no
ac_cv_header_dlfcn_h=yes
ac_cv_header_inttypes_h=yes
ac_cv_header_libutil_h=no
ac_cv_header_memory_h=yes
ac_cv_header_openssl_bio_h=no
ac_cv_header_openssl_err_h=no
ac_cv_header_openssl_ssl_h=no
ac_cv_header_pthread_h=yes
ac_cv_header_pty_h=yes
ac_cv_header_security_pam_appl_h=no
ac_cv_header_security_pam_client_h=no
ac_cv_header_security_pam_misc_h=no
ac_cv_header_stdc=yes
ac_cv_header_stdint_h=yes
ac_cv_header_stdlib_h=yes
ac_cv_header_string_h=yes
ac_cv_header_strings_h=yes
ac_cv_header_sys_prctl_h=yes
ac_cv_header_sys_stat_h=yes
ac_cv_header_sys_types_h=yes
ac_cv_header_sys_uio_h=yes
ac_cv_header_unistd_h=yes
ac_cv_header_util_h=no
ac_cv_header_utmp_h=yes
ac_cv_header_utmpx_h=yes
ac_cv_host=x86_64-unknown-linux-gnu
ac_cv_lib_dl_dlopen=yes
ac_cv_lib_util_login_tty=yes
ac_cv_lib_z_deflate=no
ac_cv_objext=o
ac_cv_path_EGREP='/bin/grep -E'
ac_cv_path_FGREP='/bin/grep -F'
ac_cv_path_GREP=/bin/grep
ac_cv_path_SED=/bin/sed
ac_cv_path_install='/usr/bin/install -c'
ac_cv_path_mkdir=/bin/mkdir
ac_cv_prog_AWK=mawk
ac_cv_prog_CPP='gcc -E'
ac_cv_prog_ac_ct_AR=ar
ac_cv_prog_ac_ct_CC=gcc
ac_cv_prog_ac_ct_OBJDUMP=objdump
ac_cv_prog_ac_ct_RANLIB=ranlib
ac_cv_prog_ac_ct_STRIP=strip
ac_cv_prog_cc_c89=
ac_cv_prog_cc_g=yes
ac_cv_prog_gcc_traditional=no
ac_cv_prog_make_make_set=yes
am_cv_CC_dependencies_compiler_type=gcc3
lt_cv_deplibs_check_method=pass_all
lt_cv_file_magic_cmd='$MAGIC_CMD'
lt_cv_file_magic_test_file=
lt_cv_ld_reload_flag=-r
lt_cv_nm_interface='BSD nm'
lt_cv_objdir=.libs
lt_cv_path_LD=/usr/bin/ld
lt_cv_path_NM='/usr/bin/nm -B'
lt_cv_prog_compiler_c_o=yes
lt_cv_prog_compiler_pic_works=yes
lt_cv_prog_compiler_rtti_exceptions=no
lt_cv_prog_compiler_static_works=yes
lt_cv_prog_gnu_ld=yes
lt_cv_sys_global_symbol_pipe='sed -n -e '\''s/^.*[	 ]\([ABCDGIRSTW][ABCDGIRSTW]*\)[	 ][	 ]*\([_A-Za-z][_A-Za-z0-9]*\)$/\1 \2 \2/p'\'''
lt_cv_sys_global_symbol_to_c_name_address='sed -n -e '\''s/^: \([^ ]*\) $/  {\"\1\", (void *) 0},/p'\'' -e '\''s/^[ABCDGIRSTW]* \([^ ]*\) \([^ ]*\)$/  {"\2", (void *) \&\2},/p'\'''
lt_cv_sys_global_symbol_to_c_name_address_lib_prefix='sed -n -e '\''s/^: \([^ ]*\) $/  {\"\1\", (void *) 0},/p'\'' -e '\''s/^[ABCDGIRSTW]* \([^ ]*\) \(lib[^ ]*\)$/  {"\2", (void *) \&\2},/p'\'' -e '\''s/^[ABCDGIRSTW]* \([^ ]*\) \([^ ]*\)$/  {"lib\2", (void *) \&\2},/p'\'''
lt_cv_sys_global_symbol_to_cdecl='sed -n -e '\''s/^T .* \(.*\)$/extern int \1();/p'\'' -e '\''s/^[ABCDGIRSTW]* .* \(.*\)$/extern char \1;/p'\'''
lt_cv_sys_max_cmd_len=1572864

## ----------------- ##
## Output variables. ##
## ----------------- ##

ACLOCAL='${SHELL} /root/usercontainer/tars/shellinabox-2.14/missing --run aclocal-1.11'
AMDEPBACKSLASH='\'
AMDEP_FALSE='#'
AMDEP_TRUE=''
AMTAR='${SHELL} /root/usercontainer/tars/shellinabox-2.14/missing --run tar'
AR='ar'
AUTOCONF='${SHELL} /root/usercontainer/tars/shellinabox-2.14/missing --run autoconf'
AUTOHEADER='${SHELL} /root/usercontainer/tars/shellinabox-2.14/missing --run autoheader'
AUTOMAKE='${SHELL} /root/usercontainer/tars/shellinabox-2.14/missing --run automake-1.11'
AWK='mawk'
CC='gcc'
CCDEPMODE='depmode=gcc3'
CFLAGS='-Os'
CPP='gcc -E'
CPPFLAGS=''
CYGPATH_W='echo'
DEFS='-DHAVE_CONFIG_H'
DEPDIR='.deps'
DSYMUTIL=''
DUMPBIN=''
ECHO_C=''
ECHO_N='-n'
ECHO_T=''
EGREP='/bin/grep -E'
EXEEXT=''
FGREP='/bin/grep -F'
GREP='/bin/grep'
INSTALL_DATA='${INSTALL} -m 644'
INSTALL_PROGRAM='${INSTALL}'
INSTALL_SCRIPT='${INSTALL}'
INSTALL_STRIP_PROGRAM='$(install_sh) -c -s'
LD='/usr/bin/ld -m elf_x86_64'
LDFLAGS=''
LIBOBJS=''
LIBS='-ldl -lutil '
LIBTOOL='$(SHELL) $(top_builddir)/libtool'
LIBTOOL_DEPS='./ltmain.sh'
LIPO=''
LN_S='ln -s'
LTLIBOBJS=''
MAKEINFO='${SHELL} /root/usercontainer/tars/shellinabox-2.14/missing --run makeinfo'
MKDIR_P='/bin/mkdir -p'
NM='/usr/bin/nm -B'
NMEDIT=''
OBJDUMP='objdump'
OBJEXT='o'
OTOOL64=''
OTOOL=''
PACKAGE='shellinabox'
PACKAGE_BUGREPORT='markus@shellinabox.com'
PACKAGE_NAME='shellinabox'
PACKAGE_STRING='shellinabox 2.10'
PACKAGE_TARNAME='shellinabox'
PACKAGE_URL=''
PACKAGE_VERSION='2.10'
PATH_SEPARATOR=':'
RANLIB='ranlib'
SED='/bin/sed'
SET_MAKE=''
SHELL='/bin/bash'
STRIP='strip'
VCS_REVISION='239'
VERSION='2.10'
ac_ct_CC='gcc'
ac_ct_DUMPBIN=''
am__EXEEXT_FALSE=''
am__EXEEXT_TRUE='#'
am__fastdepCC_FALSE='#'
am__fastdepCC_TRUE=''
am__include='include'
am__isrc=''
am__leading_dot='.'
am__quote=''
am__tar='${AMTAR} chof - "$$tardir"'
am__untar='${AMTAR} xf -'
bindir='${exec_prefix}/bin'
build='x86_64-unknown-linux-gnu'
build_alias=''
build_cpu='x86_64'
build_os='linux-gnu'
build_vendor='unknown'
datadir='${datarootdir}'
datarootdir='${prefix}/share'
docdir='${datarootdir}/doc/${PACKAGE_TARNAME}'
dvidir='${docdir}'
exec_prefix='${prefix}'
host='x86_64-unknown-linux-gnu'
host_alias=''
host_cpu='x86_64'
host_os='linux-gnu'
host_vendor='unknown'
htmldir='${docdir}'
includedir='${prefix}/include'
infodir='${datarootdir}/info'
install_sh='${SHELL} /root/usercontainer/tars/shellinabox-2.14/install-sh'
libdir='${exec_prefix}/lib'
libexecdir='${exec_prefix}/libexec'
localedir='${datarootdir}/locale'
localstatedir='${prefix}/var'
lt_ECHO='echo'
mandir='${datarootdir}/man'
mkdir_p='/bin/mkdir -p'
oldincludedir='/usr/include'
pdfdir='${docdir}'
prefix='/usr/local'
program_transform_name='s,x,x,'
psdir='${docdir}'
sbindir='${exec_prefix}/sbin'
sharedstatedir='${prefix}/com'
sysconfdir='${prefix}/etc'
target_alias=''

## ----------- ##
## confdefs.h. ##
## ----------- ##

/* confdefs.h */
#define PACKAGE_NAME "shellinabox"
#define PACKAGE_TARNAME "shellinabox"
#define PACKAGE_VERSION "2.10"
#define PACKAGE_STRING "shellinabox 2.10"
#define PACKAGE_BUGREPORT "markus@shellinabox.com"
#define PACKAGE_URL ""
#define VCS_REVISION "239"
#define PACKAGE "shellinabox"
#define VERSION "2.10"
#define STDC_HEADERS 1
#define HAVE_SYS_TYPES_H 1
#define HAVE_SYS_STAT_H 1
#define HAVE_STDLIB_H 1
#define HAVE_STRING_H 1
#define HAVE_MEMORY_H 1
#define HAVE_STRINGS_H 1
#define HAVE_INTTYPES_H 1
#define HAVE_STDINT_H 1
#define HAVE_UNISTD_H 1
#define HAVE_DLFCN_H 1
#define LT_OBJDIR ".libs/"
#define HAVE_PTHREAD_H 1
#define HAVE_PTY_H 1
#define HAVE_STRINGS_H 1
#define HAVE_SYS_PRCTL_H 1
#define HAVE_SYS_UIO_H 1
#define HAVE_UTMP_H 1
#define HAVE_UTMPX_H 1
#define HAVE_LOGIN_TTY 1
#define HAVE_GETGRGID_R 1
#define HAVE_GETGRNAM_R 1
#define HAVE_GETHOSTBYNAME_R 1
#define HAVE_GETPWNAM_R 1
#define HAVE_GETPWUID_R 1
#define HAVE_OPENPTY 1
#define HAVE_STRCASESTR 1
#define HAVE_GETRESUID 1
#define HAVE_GETRESGID 1
#define HAVE_SETRESUID 1
#define HAVE_SETRESGID 1
#define HAVE_PTSNAME_R 1
#define HAVE_SIGWAIT 1
#define HAVE_ISNAN 1
#define HAVE_UPDWTMP 1
#define HAVE_UPDWTMPX 1
#define HAVE_ATTRIBUTE_ALIAS 1
#define HAVE_ATTRIBUTE_UNUSED 1
#define HAVE_BIN_LOGIN 1
#define HAVE_DLOPEN 1

configure: exit 0
